2020-12-29T17:37:53.598+0530 INFO HV000001: Hibernate Validator 6.1.6.Final
2020-12-29T17:37:53.738+0530 INFO Starting AutomatedTravelAgency2Application using Java 15 on kaveri with PID 10176 (C:\Users\HP\Downloads\AutomatedTravelAgency-master\Sprint2\AutomatedTravelAgency2\target\classes started by HP in C:\Users\HP\Downloads\AutomatedTravelAgency-master\Sprint2\AutomatedTravelAgency2)
2020-12-29T17:37:53.746+0530 INFO No active profile set, falling back to default profiles: default
2020-12-29T17:37:56.538+0530 INFO Bootstrapping Spring Data JPA repositories in DEFAULT mode.
2020-12-29T17:37:56.930+0530 INFO Finished Spring Data repository scanning in 376 ms. Found 6 JPA repository interfaces.
2020-12-29T17:37:58.349+0530 INFO Tomcat initialized with port(s): 9090 (http)
2020-12-29T17:37:58.408+0530 INFO Initializing ProtocolHandler ["http-nio-9090"]
2020-12-29T17:37:58.410+0530 INFO Starting service [Tomcat]
2020-12-29T17:37:58.411+0530 INFO Starting Servlet engine: [Apache Tomcat/9.0.41]
2020-12-29T17:37:58.727+0530 INFO Initializing Spring embedded WebApplicationContext
2020-12-29T17:37:58.728+0530 INFO Root WebApplicationContext: initialization completed in 4786 ms
2020-12-29T17:38:00.006+0530 INFO HHH000412: Hibernate ORM core version 5.4.25.Final
2020-12-29T17:38:00.676+0530 INFO HCANN000001: Hibernate Commons Annotations {5.1.2.Final}
2020-12-29T17:38:01.071+0530 INFO HikariPool-1 - Starting...
2020-12-29T17:38:02.813+0530 INFO Stopping service [Tomcat]
2020-12-29T17:48:51.805+0530 INFO HV000001: Hibernate Validator 6.1.6.Final
2020-12-29T17:48:51.916+0530 INFO Starting AutomatedTravelAgency2Application using Java 15 on kaveri with PID 6168 (C:\Users\HP\Downloads\AutomatedTravelAgency-master\Sprint2\AutomatedTravelAgency2\target\classes started by HP in C:\Users\HP\Downloads\AutomatedTravelAgency-master\Sprint2\AutomatedTravelAgency2)
2020-12-29T17:48:51.936+0530 INFO No active profile set, falling back to default profiles: default
2020-12-29T17:48:53.667+0530 INFO Bootstrapping Spring Data JPA repositories in DEFAULT mode.
2020-12-29T17:48:53.773+0530 INFO Finished Spring Data repository scanning in 94 ms. Found 6 JPA repository interfaces.
2020-12-29T17:48:54.433+0530 INFO Tomcat initialized with port(s): 9090 (http)
2020-12-29T17:48:54.446+0530 INFO Initializing ProtocolHandler ["http-nio-9090"]
2020-12-29T17:48:54.446+0530 INFO Starting service [Tomcat]
2020-12-29T17:48:54.446+0530 INFO Starting Servlet engine: [Apache Tomcat/9.0.41]
2020-12-29T17:48:54.586+0530 INFO Initializing Spring embedded WebApplicationContext
2020-12-29T17:48:54.587+0530 INFO Root WebApplicationContext: initialization completed in 2554 ms
2020-12-29T17:48:54.835+0530 INFO HHH000412: Hibernate ORM core version 5.4.25.Final
2020-12-29T17:48:55.009+0530 INFO HCANN000001: Hibernate Commons Annotations {5.1.2.Final}
2020-12-29T17:48:55.207+0530 INFO HikariPool-1 - Starting...
2020-12-29T17:48:57.381+0530 INFO Stopping service [Tomcat]
2020-12-29T17:50:01.851+0530 INFO HV000001: Hibernate Validator 6.1.6.Final
2020-12-29T17:50:01.897+0530 INFO Starting AutomatedTravelAgency2Application using Java 15 on kaveri with PID 8700 (C:\Users\HP\Downloads\AutomatedTravelAgency-master\Sprint2\AutomatedTravelAgency2\target\classes started by HP in C:\Users\HP\Downloads\AutomatedTravelAgency-master\Sprint2\AutomatedTravelAgency2)
2020-12-29T17:50:01.903+0530 INFO No active profile set, falling back to default profiles: default
2020-12-29T17:50:04.139+0530 INFO Bootstrapping Spring Data JPA repositories in DEFAULT mode.
2020-12-29T17:50:05.182+0530 INFO Finished Spring Data repository scanning in 1029 ms. Found 6 JPA repository interfaces.
2020-12-29T17:50:05.887+0530 INFO Tomcat initialized with port(s): 9090 (http)
2020-12-29T17:50:05.897+0530 INFO Initializing ProtocolHandler ["http-nio-9090"]
2020-12-29T17:50:05.898+0530 INFO Starting service [Tomcat]
2020-12-29T17:50:05.898+0530 INFO Starting Servlet engine: [Apache Tomcat/9.0.41]
2020-12-29T17:50:06.031+0530 INFO Initializing Spring embedded WebApplicationContext
2020-12-29T17:50:06.032+0530 INFO Root WebApplicationContext: initialization completed in 4061 ms
2020-12-29T17:50:06.317+0530 INFO HHH000412: Hibernate ORM core version 5.4.25.Final
2020-12-29T17:50:06.493+0530 INFO HCANN000001: Hibernate Commons Annotations {5.1.2.Final}
2020-12-29T17:50:06.695+0530 INFO HikariPool-1 - Starting...
2020-12-29T17:50:07.508+0530 INFO HikariPool-1 - Start completed.
2020-12-29T17:50:07.547+0530 INFO HHH000400: Using dialect: org.hibernate.dialect.PostgreSQL10Dialect
2020-12-29T17:50:10.369+0530 INFO HHH000182: No default (no-argument) constructor for class: com.cgtravelagency.entity.BookingEntity (class must be instantiated by Interceptor)
2020-12-29T17:50:12.635+0530 INFO HHH000490: Using JtaPlatform implementation: [org.hibernate.engine.transaction.jta.platform.internal.NoJtaPlatform]
2020-12-29T17:50:12.650+0530 INFO Initialized JPA EntityManagerFactory for persistence unit 'default'
2020-12-29T17:50:14.536+0530 INFO Initializing ExecutorService 'applicationTaskExecutor'
2020-12-29T17:50:14.860+0530 INFO Starting ProtocolHandler ["http-nio-9090"]
2020-12-29T17:50:14.905+0530 INFO Tomcat started on port(s): 9090 (http) with context path ''
2020-12-29T17:50:14.907+0530 INFO Context refreshed
2020-12-29T17:50:14.941+0530 INFO Found 1 custom documentation plugin(s)
2020-12-29T17:50:14.978+0530 INFO Scanning for api listing references
2020-12-29T17:50:15.649+0530 INFO Generating unique operation named: createNewEmployeeUsingPOST_1
2020-12-29T17:50:15.919+0530 INFO Started AutomatedTravelAgency2Application in 14.482 seconds (JVM running for 16.298)
2020-12-29T17:51:20.501+0530 INFO Application shutdown requested.
2020-12-29T17:51:20.575+0530 INFO Shutting down ExecutorService 'applicationTaskExecutor'
2020-12-29T17:51:20.581+0530 INFO Closing JPA EntityManagerFactory for persistence unit 'default'
2020-12-29T17:51:20.585+0530 INFO HikariPool-1 - Shutdown initiated...
2020-12-29T17:51:20.596+0530 INFO HikariPool-1 - Shutdown completed.
